<?xml version="1.0" encoding="UTF-8"?>
<!-- Generated by org.testng.reporters.JUnitReportReporter -->
<testsuite hostname="LAPTOP-BBV4M2VF" failures="0" tests="1" name="testcases.ExtentReportDemo" time="20.544" errors="0" timestamp="2020-05-21T00:09:14 IST" skipped="0">
  <testcase classname="testcases.ExtentReportDemo" name="login" time="20.544"/>
</testsuite> <!-- testcases.ExtentReportDemo -->
