<?xml version="1.0" encoding="UTF-8"?>
<!-- Generated by org.testng.reporters.JUnitReportReporter -->
<testsuite hostname="LAPTOP-BBV4M2VF" failures="0" tests="1" name="testcases.HashMapDemo" time="21.131" errors="0" timestamp="2020-05-23T00:57:31 IST" skipped="0">
  <testcase classname="testcases.HashMapDemo" name="verifyCredentials" time="21.131"/>
</testsuite> <!-- testcases.HashMapDemo -->
