<?xml version="1.0" encoding="UTF-8"?>
<!-- Generated by org.testng.reporters.JUnitReportReporter -->
<testsuite hostname="LAPTOP-BBV4M2VF" failures="0" tests="1" name="testcases.HashMapDemo" time="76.366" errors="0" timestamp="2020-06-01T02:35:22 IST" skipped="0">
  <testcase classname="testcases.HashMapDemo" name="verifyCredentials" time="76.366"/>
</testsuite> <!-- testcases.HashMapDemo -->
