<?xml version="1.0" encoding="UTF-8"?>
<!-- Generated by org.testng.reporters.JUnitReportReporter -->
<testsuite hostname="LAPTOP-BBV4M2VF" failures="0" tests="1" name="logTests.LogTest" time="15.201" errors="0" timestamp="2020-03-21T20:36:53 IST" skipped="0">
  <testcase classname="logTests.LogTest" name="test" time="15.201"/>
</testsuite> <!-- logTests.LogTest -->
