<?xml version="1.0" encoding="UTF-8"?>
<!-- Generated by org.testng.reporters.JUnitReportReporter -->
<testsuite hostname="LAPTOP-BBV4M2VF" failures="0" tests="1" name="testcases.HashMapDemo" time="41.035" errors="0" timestamp="2020-05-24T15:57:42 IST" skipped="0">
  <testcase classname="testcases.HashMapDemo" name="verifyCredentials" time="41.035"/>
</testsuite> <!-- testcases.HashMapDemo -->
