<?xml version="1.0" encoding="UTF-8"?>
<!-- Generated by org.testng.reporters.JUnitReportReporter -->
<testsuite hostname="LAPTOP-BBV4M2VF" failures="0" tests="1" name="logTest.LogTest" time="7.687" errors="0" timestamp="2020-03-18T01:44:42 IST" skipped="0">
  <testcase classname="logTest.LogTest" name="test" time="7.687"/>
</testsuite> <!-- logTest.LogTest -->
