<?xml version="1.0" encoding="UTF-8"?>
<!-- Generated by org.testng.reporters.JUnitReportReporter -->
<testsuite hostname="LAPTOP-BBV4M2VF" failures="0" tests="1" name="testcases.LoginTest" time="73.522" errors="0" timestamp="2020-06-01T02:35:22 IST" skipped="0">
  <testcase classname="testcases.LoginTest" name="loginTest" time="73.522"/>
</testsuite> <!-- testcases.LoginTest -->
